<?xml version="1.0" encoding="UTF-8"?>
<!-- Generated by org.testng.reporters.JUnitReportReporter -->
<testsuite skipped="0" hostname="sss-PC" name="com.SP.testcases.BankManagerLoginTest" tests="1" failures="0" timestamp="21 Aug 2020 16:03:23 GMT" time="3.240" errors="0">
  <testcase name="bankManagerLoginTest" time="3.240" classname="com.SP.testcases.BankManagerLoginTest"/>
</testsuite> <!-- com.SP.testcases.BankManagerLoginTest -->
