<?xml version="1.0" encoding="UTF-8"?>
<!-- Generated by org.testng.reporters.JUnitReportReporter -->
<testsuite skipped="1" hostname="sss-PC" name="com.SP.testcases.AddCustomerTest" tests="4" failures="0" timestamp="21 Aug 2020 16:03:23 GMT" time="0.175" errors="0">
  <testcase name="addCustomerTest" time="0.045" classname="com.SP.testcases.AddCustomerTest"/>
  <testcase name="addCustomerTest" time="0.079" classname="com.SP.testcases.AddCustomerTest"/>
  <testcase name="addCustomerTest" time="0.003" classname="com.SP.testcases.AddCustomerTest">
    <skipped/>
  </testcase> <!-- addCustomerTest -->
  <testcase name="addCustomerTest" time="0.048" classname="com.SP.testcases.AddCustomerTest"/>
</testsuite> <!-- com.SP.testcases.AddCustomerTest -->
